<?xml version="1.0" encoding="UTF-8"?>
<!-- Generated by org.testng.reporters.JUnitXMLReporter -->
<testsuite hostname="eli_5-PC" name="Default test" tests="7" failures="1" timestamp="24 Jun 2017 05:53:07 GMT" time="109.388" errors="0">
  <testcase name="blankPassword" time="14.433" classname="com.scp.selenium.OrangeHRM.TestLoginFunctionlity"/>
  <testcase name="blankUserName" time="9.9" classname="com.scp.selenium.OrangeHRM.TestLoginFunctionlity"/>
  <testcase name="blankUsernamePassword" time="13.792" classname="com.scp.selenium.OrangeHRM.TestLoginFunctionlity"/>
  <testcase name="invalidCredentials" time="13.015" classname="com.scp.selenium.OrangeHRM.TestLoginFunctionlity"/>
  <testcase name="invalidPassword" time="13.156" classname="com.scp.selenium.OrangeHRM.TestLoginFunctionlity"/>
  <testcase name="invalidUserName" time="17.887" classname="com.scp.selenium.OrangeHRM.TestLoginFunctionlity"/>
  <testcase name="validCredentials" time="27.02" classname="com.scp.selenium.OrangeHRM.TestLoginFunctionlity">
    <failure type="junit.framework.AssertionFailedError">
      <![CDATA[junit.framework.AssertionFailedError
	at junit.framework.Assert.fail(Assert.java:47)
	at junit.framework.Assert.assertTrue(Assert.java:20)
	at junit.framework.Assert.assertNotNull(Assert.java:220)
	at junit.framework.Assert.assertNotNull(Assert.java:213)
	at com.scp.selenium.OrangeHRM.TestLoginFunctionlity.validCredentials(TestLoginFunctionlity.java:20)
	at sun.reflect.NativeMethodAccessorImpl.invoke0(Native Method)
	at sun.reflect.NativeMethodAccessorImpl.invoke(NativeMethodAccessorImpl.java:57)
	at sun.reflect.DelegatingMethodAccessorImpl.invoke(DelegatingMethodAccessorImpl.java:43)
	at java.lang.reflect.Method.invoke(Method.java:601)
	at org.testng.internal.MethodInvocationHelper.invokeMethod(MethodInvocationHelper.java:86)
	at org.testng.internal.Invoker.invokeMethod(Invoker.java:643)
	at org.testng.internal.Invoker.invokeTestMethod(Invoker.java:820)
	at org.testng.internal.Invoker.invokeTestMethods(Invoker.java:1128)
	at org.testng.internal.TestMethodWorker.invokeTestMethods(TestMethodWorker.java:129)
	at org.testng.internal.TestMethodWorker.run(TestMethodWorker.java:112)
	at org.testng.TestRunner.privateRun(TestRunner.java:782)
	at org.testng.TestRunner.run(TestRunner.java:632)
	at org.testng.SuiteRunner.runTest(SuiteRunner.java:366)
	at org.testng.SuiteRunner.runSequentially(SuiteRunner.java:361)
	at org.testng.SuiteRunner.privateRun(SuiteRunner.java:319)
	at org.testng.SuiteRunner.run(SuiteRunner.java:268)
	at org.testng.SuiteRunnerWorker.runSuite(SuiteRunnerWorker.java:52)
	at org.testng.SuiteRunnerWorker.run(SuiteRunnerWorker.java:86)
	at org.testng.TestNG.runSuitesSequentially(TestNG.java:1244)
	at org.testng.TestNG.runSuitesLocally(TestNG.java:1169)
	at org.testng.TestNG.run(TestNG.java:1064)
	at org.testng.remote.AbstractRemoteTestNG.run(AbstractRemoteTestNG.java:132)
	at org.testng.remote.RemoteTestNG.initAndRun(RemoteTestNG.java:230)
	at org.testng.remote.RemoteTestNG.main(RemoteTestNG.java:76)
]]>
    </failure>
  </testcase> <!-- validCredentials -->
</testsuite> <!-- Default test -->
