<?xml version="1.0" encoding="UTF-8"?>
<testng-results skipped="0" failed="1" total="7" passed="6">
  <reporter-output>
  </reporter-output>
  <suite name="Default suite" duration-ms="109388" started-at="2017-06-24T05:51:17Z" finished-at="2017-06-24T05:53:06Z">
    <groups>
    </groups>
    <test name="Default test" duration-ms="109388" started-at="2017-06-24T05:51:17Z" finished-at="2017-06-24T05:53:06Z">
      <class name="com.scp.selenium.OrangeHRM.TestLoginFunctionlity">
        <test-method status="PASS" signature="blankPassword()[pri:0, instance:com.scp.selenium.OrangeHRM.TestLoginFunctionlity@6f8bf360]" name="blankPassword" duration-ms="14433" started-at="2017-06-24T11:21:17Z" finished-at="2017-06-24T11:21:31Z">
          <reporter-output>
          </reporter-output>
        </test-method> <!-- blankPassword -->
        <test-method status="PASS" signature="blankUserName()[pri:0, instance:com.scp.selenium.OrangeHRM.TestLoginFunctionlity@6f8bf360]" name="blankUserName" duration-ms="9900" started-at="2017-06-24T11:21:31Z" finished-at="2017-06-24T11:21:41Z">
          <reporter-output>
          </reporter-output>
        </test-method> <!-- blankUserName -->
        <test-method status="PASS" signature="blankUsernamePassword()[pri:0, instance:com.scp.selenium.OrangeHRM.TestLoginFunctionlity@6f8bf360]" name="blankUsernamePassword" duration-ms="13792" started-at="2017-06-24T11:21:41Z" finished-at="2017-06-24T11:21:55Z">
          <reporter-output>
          </reporter-output>
        </test-method> <!-- blankUsernamePassword -->
        <test-method status="PASS" signature="invalidCredentials()[pri:0, instance:com.scp.selenium.OrangeHRM.TestLoginFunctionlity@6f8bf360]" name="invalidCredentials" duration-ms="13015" started-at="2017-06-24T11:21:55Z" finished-at="2017-06-24T11:22:08Z">
          <reporter-output>
          </reporter-output>
        </test-method> <!-- invalidCredentials -->
        <test-method status="PASS" signature="invalidPassword()[pri:0, instance:com.scp.selenium.OrangeHRM.TestLoginFunctionlity@6f8bf360]" name="invalidPassword" duration-ms="13156" started-at="2017-06-24T11:22:08Z" finished-at="2017-06-24T11:22:21Z">
          <reporter-output>
          </reporter-output>
        </test-method> <!-- invalidPassword -->
        <test-method status="PASS" signature="invalidUserName()[pri:0, instance:com.scp.selenium.OrangeHRM.TestLoginFunctionlity@6f8bf360]" name="invalidUserName" duration-ms="17887" started-at="2017-06-24T11:22:21Z" finished-at="2017-06-24T11:22:39Z">
          <reporter-output>
          </reporter-output>
        </test-method> <!-- invalidUserName -->
        <test-method status="FAIL" signature="validCredentials()[pri:0, instance:com.scp.selenium.OrangeHRM.TestLoginFunctionlity@6f8bf360]" name="validCredentials" duration-ms="27020" started-at="2017-06-24T11:22:39Z" finished-at="2017-06-24T11:23:06Z">
          <exception class="junit.framework.AssertionFailedError">
            <full-stacktrace>
              <![CDATA[junit.framework.AssertionFailedError
	at junit.framework.Assert.fail(Assert.java:47)
	at junit.framework.Assert.assertTrue(Assert.java:20)
	at junit.framework.Assert.assertNotNull(Assert.java:220)
	at junit.framework.Assert.assertNotNull(Assert.java:213)
	at com.scp.selenium.OrangeHRM.TestLoginFunctionlity.validCredentials(TestLoginFunctionlity.java:20)
	at sun.reflect.NativeMethodAccessorImpl.invoke0(Native Method)
	at sun.reflect.NativeMethodAccessorImpl.invoke(NativeMethodAccessorImpl.java:57)
	at sun.reflect.DelegatingMethodAccessorImpl.invoke(DelegatingMethodAccessorImpl.java:43)
	at java.lang.reflect.Method.invoke(Method.java:601)
	at org.testng.internal.MethodInvocationHelper.invokeMethod(MethodInvocationHelper.java:86)
	at org.testng.internal.Invoker.invokeMethod(Invoker.java:643)
	at org.testng.internal.Invoker.invokeTestMethod(Invoker.java:820)
	at org.testng.internal.Invoker.invokeTestMethods(Invoker.java:1128)
	at org.testng.internal.TestMethodWorker.invokeTestMethods(TestMethodWorker.java:129)
	at org.testng.internal.TestMethodWorker.run(TestMethodWorker.java:112)
	at org.testng.TestRunner.privateRun(TestRunner.java:782)
	at org.testng.TestRunner.run(TestRunner.java:632)
	at org.testng.SuiteRunner.runTest(SuiteRunner.java:366)
	at org.testng.SuiteRunner.runSequentially(SuiteRunner.java:361)
	at org.testng.SuiteRunner.privateRun(SuiteRunner.java:319)
	at org.testng.SuiteRunner.run(SuiteRunner.java:268)
	at org.testng.SuiteRunnerWorker.runSuite(SuiteRunnerWorker.java:52)
	at org.testng.SuiteRunnerWorker.run(SuiteRunnerWorker.java:86)
	at org.testng.TestNG.runSuitesSequentially(TestNG.java:1244)
	at org.testng.TestNG.runSuitesLocally(TestNG.java:1169)
	at org.testng.TestNG.run(TestNG.java:1064)
	at org.testng.remote.AbstractRemoteTestNG.run(AbstractRemoteTestNG.java:132)
	at org.testng.remote.RemoteTestNG.initAndRun(RemoteTestNG.java:230)
	at org.testng.remote.RemoteTestNG.main(RemoteTestNG.java:76)
]]>
            </full-stacktrace>
          </exception> <!-- junit.framework.AssertionFailedError -->
          <reporter-output>
          </reporter-output>
        </test-method> <!-- validCredentials -->
      </class> <!-- com.scp.selenium.OrangeHRM.TestLoginFunctionlity -->
    </test> <!-- Default test -->
  </suite> <!-- Default suite -->
</testng-results>
